laucher/seniorLauncher/app/build/outputs/logs/manifest-merger-debug-report.txt
-- Merging decision tree log ---
manifest
ADDED from src/main/AndroidManifest.xml:2:1-277:12
INJECTED from src/main/AndroidManifest.xml:2:1-277:12
INJECTED from src/main/AndroidManifest.xml:2:1-277:12
INJECTED from src/main/AndroidManifest.xml:2:1-277:12
MERGED from [androidx.navigation:navigation-common:2.7.7] AndroidManifest.xml:17:1-22:12
MERGED from [androidx.navigation:navigation-runtime:2.7.7] AndroidManifest.xml:17:1-22:12
MERGED from [androidx.navigation:navigation-common-ktx:2.7.7] AndroidManifest.xml:2:1-7:12
MERGED from [androidx.navigation:navigation-runtime-ktx:2.7.7] AndroidManifest.xml:2:1-7:12
MERGED from [androidx.navigation:navigation-compose:2.7.7] AndroidManifest.xml:2:1-7:12
MERGED from [com.google.accompanist:accompanist-permissions:0.34.0] AndroidManifest.xml:17:1-23:12
MERGED from [com.google.android.material:material:1.11.0] AndroidManifest.xml:17:1-24:12
MERGED from [androidx.constraintlayout:constraintlayout:2.0.1] AndroidManifest.xml:2:1-11:12
MERGED from [io.coil-kt:coil-compose:2.5.0] AndroidManifest.xml:2:1-7:12
MERGED from [io.coil-kt:coil-compose-base:2.5.0] AndroidManifest.xml:2:1-7:12
MERGED from [io.coil-kt:coil:2.5.0] AndroidManifest.xml:2:1-7:12
MERGED from [io.coil-kt:coil-base:2.5.0] AndroidManifest.xml:2:1-7:12
MERGED from [androidx.appcompat:appcompat-resources:1.6.1] AndroidManifest.xml:17:1-22:12
MERGED from [androidx.appcompat:appcompat:1.6.1] AndroidManifest.xml:17:1-22:12
MERGED from [androidx.viewpager2:viewpager2:1.0.0] AndroidManifest.xml:17:1-24:12
MERGED from [androidx.fragment:fragment:1.3.6] AndroidManifest.xml:17:1-24:12
MERGED from [com.google.accompanist:accompanist-systemuicontroller:0.34.0] AndroidManifest.xml:17:1-23:12
MERGED from [androidx.coordinatorlayout:coordinatorlayout:1.1.0] AndroidManifest.xml:17:1-24:12
MERGED from [androidx.drawerlayout:drawerlayout:1.1.1] AndroidManifest.xml:17:1-24:12
MERGED from [androidx.dynamicanimation:dynamicanimation:1.0.0] AndroidManifest.xml:17:1-22:12
MERGED from [androidx.transition:transition:1.2.0] AndroidManifest.xml:17:1-24:12
MERGED from [androidx.vectordrawable:vectordrawable-animated:1.1.0] AndroidManifest.xml:17:1-24:12
MERGED from [androidx.vectordrawable:vectordrawable:1.1.0] AndroidManifest.xml:17:1-24:12
MERGED from [androidx.recyclerview:recyclerview:1.1.0] AndroidManifest.xml:17:1-24:12
MERGED from [androidx.viewpager:viewpager:1.0.0] AndroidManifest.xml:17:1-22:12
MERGED from [androidx.customview:customview:1.1.0] AndroidManifest.xml:17:1-24:12
MERGED from [androidx.legacy:legacy-support-core-utils:1.0.0] AndroidManifest.xml:17:1-22:12
MERGED from [androidx.loader:loader:1.0.0] AndroidManifest.xml:17:1-22:12
MERGED from [androidx.autofill:autofill:1.0.0] AndroidManifest.xml:17:1-24:12
MERGED from [androidx.compose.material3:material3-android:1.3.0] AndroidManifest.xml:17:1-22:12
MERGED from [androidx.compose.ui:ui-tooling-data-android:1.9.2] AndroidManifest.xml:2:1-7:12
MERGED from [androidx.compose.ui:ui-tooling-preview-android:1.9.2] AndroidManifest.xml:17:1-22:12
MERGED from [androidx.compose.ui:ui-tooling-android:1.9.2] AndroidManifest.xml:17:1-28:12
MERGED from [androidx.compose.material:material-android:1.7.0] AndroidManifest.xml:2:1-7:12
MERGED from [androidx.compose.material:material-ripple-android:1.7.0] AndroidManifest.xml:2:1-7:12
MERGED from [androidx.compose.foundation:foundation-android:1.9.2] AndroidManifest.xml:2:1-7:12
MERGED from [androidx.compose.foundation:foundation-layout-android:1.9.2] AndroidManifest.xml:2:1-7:12
MERGED from [androidx.compose.animation:animation-core-android:1.9.2] AndroidManifest.xml:2:1-7:12
MERGED from [androidx.compose.animation:animation-android:1.9.2] AndroidManifest.xml:2:1-7:12
MERGED from [androidx.compose.ui:ui-util-android:1.9.2] AndroidManifest.xml:2:1-7:12
MERGED from [androidx.compose.ui:ui-unit-android:1.9.2] AndroidManifest.xml:2:1-7:12
MERGED from [androidx.compose.ui:ui-text-android:1.9.2] AndroidManifest.xml:2:1-7:12
MERGED from [androidx.compose.ui:ui-geometry-android:1.9.2] AndroidManifest.xml:2:1-7:12
MERGED from [androidx.compose.ui:ui-test-manifest:1.9.2] AndroidManifest.xml:17:1-29:12
MERGED from [androidx.compose.ui:ui-graphics-android:1.9.2] AndroidManifest.xml:2:1-7:12
MERGED from [androidx.graphics:graphics-path:1.0.1] AndroidManifest.xml:2:1-7:12
MERGED from [androidx.emoji2:emoji2-views-helper:1.4.0] AndroidManifest.xml:2:1-7:12
MERGED from [androidx.emoji2:emoji2:1.4.0] AndroidManifest.xml:17:1-35:12
MERGED from [androidx.core:core:1.17.0] AndroidManifest.xml:17:1-30:12
MERGED from [androidx.lifecycle:lifecycle-process:2.10.0] AndroidManifest.xml:17:1-35:12
MERGED from [androidx.lifecycle:lifecycle-livedata-core-ktx:2.10.0] AndroidManifest.xml:2:1-7:12
MERGED from [androidx.lifecycle:lifecycle-livedata:2.10.0] AndroidManifest.xml:17:1-22:12
MERGED from [androidx.lifecycle:lifecycle-livedata-core:2.10.0] AndroidManifest.xml:17:1-22:12
MERGED from [androidx.lifecycle:lifecycle-viewmodel-ktx:2.10.0] AndroidManifest.xml:2:1-7:12
MERGED from [androidx.lifecycle:lifecycle-viewmodel-savedstate-android:2.10.0] AndroidManifest.xml:17:1-22:12
MERGED from [androidx.lifecycle:lifecycle-viewmodel:2.10.0] AndroidManifest.xml:2:1-5:12
MERGED from [androidx.lifecycle:lifecycle-viewmodel-android:2.10.0] AndroidManifest.xml:17:1-22:12
MERGED from [androidx.navigationevent:navigationevent-android:1.0.1] AndroidManifest.xml:2:1-7:12
MERGED from [androidx.navigationevent:navigationevent-compose-android:1.0.1] AndroidManifest.xml:2:1-7:12
MERGED from [androidx.compose.runtime:runtime-annotation-android:1.9.2] AndroidManifest.xml:2:1-7:12
MERGED from [androidx.compose.runtime:runtime-android:1.9.2] AndroidManifest.xml:2:1-7:12
MERGED from [androidx.compose.runtime:runtime-saveable-android:1.9.2] AndroidManifest.xml:2:1-7:12
MERGED from [androidx.savedstate:savedstate-compose-android:1.4.0] AndroidManifest.xml:2:1-7:12
MERGED from [androidx.savedstate:savedstate-ktx:1.4.0] AndroidManifest.xml:2:1-7:12
MERGED from [androidx.savedstate:savedstate-android:1.4.0] AndroidManifest.xml:17:1-22:12
MERGED from [androidx.lifecycle:lifecycle-runtime-android:2.10.0] AndroidManifest.xml:17:1-22:12
MERGED from [androidx.lifecycle:lifecycle-runtime-compose-android:2.10.0] AndroidManifest.xml:2:1-7:12
MERGED from [androidx.lifecycle:lifecycle-runtime-ktx-android:2.10.0] AndroidManifest.xml:2:1-7:12
MERGED from [androidx.lifecycle:lifecycle-viewmodel-compose-android:2.10.0] AndroidManifest.xml:2:1-7:12
MERGED from [com.google.accompanist:accompanist-drawablepainter:0.32.0] AndroidManifest.xml:17:1-23:12
MERGED from [androidx.compose.material:material-icons-extended-android:1.7.0] AndroidManifest.xml:2:1-7:12
MERGED from [androidx.compose.material:material-icons-core-android:1.7.0] AndroidManifest.xml:2:1-7:12
MERGED from [androidx.compose.ui:ui-android:1.9.2] AndroidManifest.xml:2:1-7:12
MERGED from [androidx.activity:activity-ktx:1.12.1] AndroidManifest.xml:2:1-7:12
MERGED from [androidx.activity:activity:1.12.1] AndroidManifest.xml:17:1-22:12
MERGED from [androidx.activity:activity-compose:1.12.1] AndroidManifest.xml:2:1-7:12
MERGED from [androidx.customview:customview-poolingcontainer:1.0.0] AndroidManifest.xml:17:1-23:12
MERGED from [androidx.core:core-ktx:1.17.0] AndroidManifest.xml:2:1-7:12
MERGED from [androidx.room:room-runtime:2.6.1] AndroidManifest.xml:17:1-31:12
MERGED from [androidx.room:room-ktx:2.6.1] AndroidManifest.xml:17:1-22:12
MERGED from [androidx.datastore:datastore-preferences:1.0.0] AndroidManifest.xml:17:1-24:12
MERGED from [androidx.sqlite:sqlite-framework:2.4.0] AndroidManifest.xml:17:1-22:12
MERGED from [androidx.sqlite:sqlite:2.4.0] AndroidManifest.xml:17:1-22:12
MERGED from [androidx.datastore:datastore:1.0.0] AndroidManifest.xml:17:1-24:12
MERGED from [androidx.annotation:annotation-experimental:1.4.1] AndroidManifest.xml:2:1-7:12
MERGED from [androidx.core:core-viewtree:1.0.0] AndroidManifest.xml:2:1-7:12
MERGED from [androidx.arch.core:core-runtime:2.2.0] AndroidManifest.xml:17:1-22:12
MERGED from [androidx.cardview:cardview:1.0.0] AndroidManifest.xml:17:1-22:12
MERGED from [androidx.interpolator:interpolator:1.0.0] AndroidManifest.xml:17:1-22:12
MERGED from [androidx.profileinstaller:profileinstaller:1.4.0] AndroidManifest.xml:17:1-55:12
MERGED from [androidx.startup:startup-runtime:1.1.1] AndroidManifest.xml:17:1-33:12
MERGED from [androidx.tracing:tracing:1.2.0] AndroidManifest.xml:17:1-22:12
MERGED from [androidx.versionedparcelable:versionedparcelable:1.1.1] AndroidManifest.xml:17:1-27:12
MERGED from [androidx.cursoradapter:cursoradapter:1.0.0] AndroidManifest.xml:17:1-22:12
MERGED from [androidx.exifinterface:exifinterface:1.3.6] AndroidManifest.xml:17:1-24:12
MERGED from [androidx.documentfile:documentfile:1.0.0] AndroidManifest.xml:17:1-22:12
MERGED from [androidx.localbroadcastmanager:localbroadcastmanager:1.0.0] AndroidManifest.xml:17:1-22:12
MERGED from [androidx.print:print:1.0.0] AndroidManifest.xml:17:1-22:12
	package
		INJECTED from src/main/AndroidManifest.xml
	android:versionName
		INJECTED from src/main/AndroidManifest.xml
	xmlns:tools
		ADDED from src/main/AndroidManifest.xml:3:5-51
	android:versionCode
		INJECTED from src/main/AndroidManifest.xml
	xmlns:android
		ADDED from src/main/AndroidManifest.xml:2:11-69
uses-permission#android.permission.CALL_PHONE
ADDED from src/main/AndroidManifest.xml:6:5-69
	android:name
		ADDED from src/main/AndroidManifest.xml:6:22-66
uses-permission#android.permission.READ_CONTACTS
ADDED from src/main/AndroidManifest.xml:7:5-72
	android:name
		ADDED from src/main/AndroidManifest.xml:7:22-69
uses-permission#android.permission.SEND_SMS
ADDED from src/main/AndroidManifest.xml:8:5-67
	android:name
		ADDED from src/main/AndroidManifest.xml:8:22-64
uses-permission#android.permission.READ_SMS
ADDED from src/main/AndroidManifest.xml:9:5-67
	android:name
		ADDED from src/main/AndroidManifest.xml:9:22-64
uses-permission#android.permission.RECEIVE_SMS
ADDED from src/main/AndroidManifest.xml:10:5-70
	android:name
		ADDED from src/main/AndroidManifest.xml:10:22-67
uses-permission#android.permission.READ_CALL_LOG
ADDED from src/main/AndroidManifest.xml:11:5-72
	android:name
		ADDED from src/main/AndroidManifest.xml:11:22-69
uses-permission#android.permission.ACCESS_FINE_LOCATION
ADDED from src/main/AndroidManifest.xml:14:5-79
	android:name
		ADDED from src/main/AndroidManifest.xml:14:22-76
uses-permission#android.permission.ACCESS_COARSE_LOCATION
ADDED from src/main/AndroidManifest.xml:15:5-81
	android:name
		ADDED from src/main/AndroidManifest.xml:15:22-78
uses-permission#android.permission.ACCESS_BACKGROUND_LOCATION
ADDED from src/main/AndroidManifest.xml:16:5-85
	android:name
		ADDED from src/main/AndroidManifest.xml:16:22-82
uses-permission#android.permission.CAMERA
ADDED from src/main/AndroidManifest.xml:19:5-65
	android:name
		ADDED from src/main/AndroidManifest.xml:19:22-62
uses-permission#android.permission.FLASHLIGHT
ADDED from src/main/AndroidManifest.xml:20:5-69
	android:name
		ADDED from src/main/AndroidManifest.xml:20:22-66
uses-permission#android.permission.RECORD_AUDIO
ADDED from src/main/AndroidManifest.xml:21:5-71
	android:name
		ADDED from src/main/AndroidManifest.xml:21:22-68
uses-permission#android.permission.BODY_SENSORS
ADDED from src/main/AndroidManifest.xml:22:5-71
	android:name
		ADDED from src/main/AndroidManifest.xml:22:22-68
uses-permission#android.permission.HIGH_SAMPLING_RATE_SENSORS
ADDED from src/main/AndroidManifest.xml:23:5-85
	android:name
		ADDED from src/main/AndroidManifest.xml:23:22-82
uses-permission#android.permission.VIBRATE
ADDED from src/main/AndroidManifest.xml:26:5-66
	android:name
		ADDED from src/main/AndroidManifest.xml:26:22-63
uses-permission#android.permission.WAKE_LOCK
ADDED from src/main/AndroidManifest.xml:27:5-68
	android:name
		ADDED from src/main/AndroidManifest.xml:27:22-65
uses-permission#android.permission.RECEIVE_BOOT_COMPLETED
ADDED from src/main/AndroidManifest.xml:28:5-81
	android:name
		ADDED from src/main/AndroidManifest.xml:28:22-78
uses-permission#android.permission.QUERY_ALL_PACKAGES
ADDED from src/main/AndroidManifest.xml:29:5-30:53
	tools:ignore
		ADDED from src/main/AndroidManifest.xml:30:9-50
	android:name
		ADDED from src/main/AndroidManifest.xml:29:22-74
uses-permission#android.permission.FOREGROUND_SERVICE
ADDED from src/main/AndroidManifest.xml:31:5-77
	android:name
		ADDED from src/main/AndroidManifest.xml:31:22-74
uses-permission#android.permission.FOREGROUND_SERVICE_HEALTH
ADDED from src/main/AndroidManifest.xml:32:5-84
	android:name
		ADDED from src/main/AndroidManifest.xml:32:22-81
uses-permission#android.permission.FOREGROUND_SERVICE_LOCATION
ADDED from src/main/AndroidManifest.xml:33:5-86
	android:name
		ADDED from src/main/AndroidManifest.xml:33:22-83
uses-permission#android.permission.FOREGROUND_SERVICE_DATA_SYNC
ADDED from src/main/AndroidManifest.xml:34:5-87
	android:name
		ADDED from src/main/AndroidManifest.xml:34:22-84
uses-permission#android.permission.POST_NOTIFICATIONS
ADDED from src/main/AndroidManifest.xml:35:5-77
	android:name
		ADDED from src/main/AndroidManifest.xml:35:22-74
uses-permission#android.permission.USE_FULL_SCREEN_INTENT
ADDED from src/main/AndroidManifest.xml:36:5-81
	android:name
		ADDED from src/main/AndroidManifest.xml:36:22-78
uses-permission#android.permission.SYSTEM_ALERT_WINDOW
ADDED from src/main/AndroidManifest.xml:37:5-78
	android:name
		ADDED from src/main/AndroidManifest.xml:37:22-75
uses-permission#android.permission.BLUETOOTH
ADDED from src/main/AndroidManifest.xml:40:5-95
	android:maxSdkVersion
		ADDED from src/main/AndroidManifest.xml:40:66-92
	android:name
		ADDED from src/main/AndroidManifest.xml:40:22-65
uses-permission#android.permission.BLUETOOTH_ADMIN
ADDED from src/main/AndroidManifest.xml:41:5-101
	android:maxSdkVersion
		ADDED from src/main/AndroidManifest.xml:41:72-98
	android:name
		ADDED from src/main/AndroidManifest.xml:41:22-71
uses-permission#android.permission.BLUETOOTH_CONNECT
ADDED from src/main/AndroidManifest.xml:42:5-76
	android:name
		ADDED from src/main/AndroidManifest.xml:42:22-73
uses-permission#android.permission.BLUETOOTH_SCAN
ADDED from src/main/AndroidManifest.xml:43:5-73
	android:name
		ADDED from src/main/AndroidManifest.xml:43:22-70
uses-permission#android.permission.READ_EXTERNAL_STORAGE
ADDED from src/main/AndroidManifest.xml:46:5-107
	android:maxSdkVersion
		ADDED from src/main/AndroidManifest.xml:46:78-104
	android:name
		ADDED from src/main/AndroidManifest.xml:46:22-77
uses-permission#android.permission.READ_MEDIA_IMAGES
ADDED from src/main/AndroidManifest.xml:47:5-76
	android:name
		ADDED from src/main/AndroidManifest.xml:47:22-73
uses-permission#android.permission.SCHEDULE_EXACT_ALARM
ADDED from src/main/AndroidManifest.xml:50:5-79
	android:name
		ADDED from src/main/AndroidManifest.xml:50:22-76
uses-permission#android.permission.USE_EXACT_ALARM
ADDED from src/main/AndroidManifest.xml:51:5-74
	android:name
		ADDED from src/main/AndroidManifest.xml:51:22-71
uses-permission#android.permission.READ_PHONE_STATE
ADDED from src/main/AndroidManifest.xml:54:5-75
	android:name
		ADDED from src/main/AndroidManifest.xml:54:22-72
uses-permission#android.permission.ANSWER_PHONE_CALLS
ADDED from src/main/AndroidManifest.xml:55:5-77
	android:name
		ADDED from src/main/AndroidManifest.xml:55:22-74
uses-permission#android.permission.MODIFY_AUDIO_SETTINGS
ADDED from src/main/AndroidManifest.xml:56:5-80
	android:name
		ADDED from src/main/AndroidManifest.xml:56:22-77
uses-permission#android.permission.INTERNET
ADDED from src/main/AndroidManifest.xml:59:5-67
	android:name
		ADDED from src/main/AndroidManifest.xml:59:22-64
uses-permission#android.permission.ACCESS_NETWORK_STATE
ADDED from src/main/AndroidManifest.xml:60:5-79
	android:name
		ADDED from src/main/AndroidManifest.xml:60:22-76
uses-permission#android.permission.ACCESS_WIFI_STATE
ADDED from src/main/AndroidManifest.xml:61:5-76
	android:name
		ADDED from src/main/AndroidManifest.xml:61:22-73
uses-permission#android.permission.CHANGE_WIFI_STATE
ADDED from src/main/AndroidManifest.xml:62:5-76
	android:name
		ADDED from src/main/AndroidManifest.xml:62:22-73
uses-feature#android.hardware.camera
ADDED from src/main/AndroidManifest.xml:64:5-85
	android:required
		ADDED from src/main/AndroidManifest.xml:64:58-82
	android:name
		ADDED from src/main/AndroidManifest.xml:64:19-57
uses-feature#android.hardware.camera.flash
ADDED from src/main/AndroidManifest.xml:65:5-91
	android:required
		ADDED from src/main/AndroidManifest.xml:65:64-88
	android:name
		ADDED from src/main/AndroidManifest.xml:65:19-63
uses-feature#android.hardware.sensor.accelerometer
ADDED from src/main/AndroidManifest.xml:66:5-99
	android:required
		ADDED from src/main/AndroidManifest.xml:66:72-96
	android:name
		ADDED from src/main/AndroidManifest.xml:66:19-71
uses-feature#android.hardware.telephony
ADDED from src/main/AndroidManifest.xml:67:5-88
	android:required
		ADDED from src/main/AndroidManifest.xml:67:61-85
	android:name
		ADDED from src/main/AndroidManifest.xml:67:19-60
uses-feature#android.hardware.bluetooth
ADDED from src/main/AndroidManifest.xml:68:5-88
	android:required
		ADDED from src/main/AndroidManifest.xml:68:61-85
	android:name
		ADDED from src/main/AndroidManifest.xml:68:19-60
application
ADDED from src/main/AndroidManifest.xml:70:5-275:19
INJECTED from src/main/AndroidManifest.xml:70:5-275:19
MERGED from [com.google.android.material:material:1.11.0] AndroidManifest.xml:22:5-20
MERGED from [com.google.android.material:material:1.11.0] AndroidManifest.xml:22:5-20
MERGED from [androidx.constraintlayout:constraintlayout:2.0.1] AndroidManifest.xml:9:5-20
MERGED from [androidx.constraintlayout:constraintlayout:2.0.1] AndroidManifest.xml:9:5-20
MERGED from [androidx.compose.ui:ui-tooling-android:1.9.2] AndroidManifest.xml:22:5-26:19
MERGED from [androidx.compose.ui:ui-tooling-android:1.9.2] AndroidManifest.xml:22:5-26:19
MERGED from [androidx.compose.ui:ui-test-manifest:1.9.2] AndroidManifest.xml:22:5-27:19
MERGED from [androidx.compose.ui:ui-test-manifest:1.9.2] AndroidManifest.xml:22:5-27:19
MERGED from [androidx.emoji2:emoji2:1.4.0] AndroidManifest.xml:23:5-33:19
MERGED from [androidx.emoji2:emoji2:1.4.0] AndroidManifest.xml:23:5-33:19
MERGED from [androidx.core:core:1.17.0] AndroidManifest.xml:28:5-89
MERGED from [androidx.core:core:1.17.0] AndroidManifest.xml:28:5-89
MERGED from [androidx.lifecycle:lifecycle-process:2.10.0] AndroidManifest.xml:23:5-33:19
MERGED from [androidx.lifecycle:lifecycle-process:2.10.0] AndroidManifest.xml:23:5-33:19
MERGED from [androidx.room:room-runtime:2.6.1] AndroidManifest.xml:23:5-29:19
MERGED from [androidx.room:room-runtime:2.6.1] AndroidManifest.xml:23:5-29:19
MERGED from [androidx.profileinstaller:profileinstaller:1.4.0] AndroidManifest.xml:23:5-53:19
MERGED from [androidx.profileinstaller:profileinstaller:1.4.0] AndroidManifest.xml:23:5-53:19
MERGED from [androidx.startup:startup-runtime:1.1.1] AndroidManifest.xml:25:5-31:19
MERGED from [androidx.startup:startup-runtime:1.1.1] AndroidManifest.xml:25:5-31:19
MERGED from [androidx.versionedparcelable:versionedparcelable:1.1.1] AndroidManifest.xml:24:5-25:19
MERGED from [androidx.versionedparcelable:versionedparcelable:1.1.1] AndroidManifest.xml:24:5-25:19
	android:extractNativeLibs
		INJECTED from src/main/AndroidManifest.xml
	android:appComponentFactory
		ADDED from [androidx.core:core:1.17.0] AndroidManifest.xml:28:18-86
	android:supportsRtl
		ADDED from src/main/AndroidManifest.xml:79:9-35
	android:label
		ADDED from src/main/AndroidManifest.xml:76:9-41
	android:fullBackupContent
		ADDED from src/main/AndroidManifest.xml:74:9-54
	android:roundIcon
		ADDED from src/main/AndroidManifest.xml:78:9-54
	tools:targetApi
		ADDED from src/main/AndroidManifest.xml:81:9-29
	android:icon
		ADDED from src/main/AndroidManifest.xml:75:9-43
	android:allowBackup
		ADDED from src/main/AndroidManifest.xml:72:9-35
	android:theme
		ADDED from src/main/AndroidManifest.xml:80:9-54
	android:networkSecurityConfig
		ADDED from src/main/AndroidManifest.xml:77:9-69
	android:dataExtractionRules
		ADDED from src/main/AndroidManifest.xml:73:9-65
	android:name
		ADDED from src/main/AndroidManifest.xml:71:9-42
activity#com.example.senioroslauncher.MainActivity
ADDED from src/main/AndroidManifest.xml:84:9-99:20
	android:screenOrientation
		ADDED from src/main/AndroidManifest.xml:88:13-49
	android:launchMode
		ADDED from src/main/AndroidManifest.xml:87:13-44
	android:exported
		ADDED from src/main/AndroidManifest.xml:86:13-36
	android:theme
		ADDED from src/main/AndroidManifest.xml:89:13-58
	android:name
		ADDED from src/main/AndroidManifest.xml:85:13-41
intent-filter#action:name:android.intent.action.MAIN+category:name:android.intent.category.LAUNCHER
ADDED from src/main/AndroidManifest.xml:90:13-93:29
action#android.intent.action.MAIN
ADDED from src/main/AndroidManifest.xml:91:17-69
	android:name
		ADDED from src/main/AndroidManifest.xml:91:25-66
category#android.intent.category.LAUNCHER
ADDED from src/main/AndroidManifest.xml:92:17-77
	android:name
		ADDED from src/main/AndroidManifest.xml:92:27-74
intent-filter#action:name:android.intent.action.MAIN+category:name:android.intent.category.DEFAULT+category:name:android.intent.category.HOME
ADDED from src/main/AndroidManifest.xml:94:13-98:29
category#android.intent.category.HOME
ADDED from src/main/AndroidManifest.xml:96:17-73
	android:name
		ADDED from src/main/AndroidManifest.xml:96:27-70
category#android.intent.category.DEFAULT
ADDED from src/main/AndroidManifest.xml:97:17-76
	android:name
		ADDED from src/main/AndroidManifest.xml:97:27-73
activity#com.example.senioroslauncher.ui.emergency.EmergencyActivity
ADDED from src/main/AndroidManifest.xml:102:9-108:43
	android:screenOrientation
		ADDED from src/main/AndroidManifest.xml:106:13-49
	android:turnScreenOn
		ADDED from src/main/AndroidManifest.xml:108:13-40
	android:launchMode
		ADDED from src/main/AndroidManifest.xml:105:13-43
	android:exported
		ADDED from src/main/AndroidManifest.xml:104:13-37
	android:showOnLockScreen
		ADDED from src/main/AndroidManifest.xml:107:13-44
	android:name
		ADDED from src/main/AndroidManifest.xml:103:13-59
activity#com.example.senioroslauncher.ui.medication.MedicationActivity
ADDED from src/main/AndroidManifest.xml:111:9-114:52
	android:screenOrientation
		ADDED from src/main/AndroidManifest.xml:114:13-49
	android:exported
		ADDED from src/main/AndroidManifest.xml:113:13-37
	android:name
		ADDED from src/main/AndroidManifest.xml:112:13-61
activity#com.example.senioroslauncher.ui.medication.MedicationReminderActivity
ADDED from src/main/AndroidManifest.xml:117:9-123:43
	android:screenOrientation
		ADDED from src/main/AndroidManifest.xml:121:13-49
	android:turnScreenOn
		ADDED from src/main/AndroidManifest.xml:123:13-40
	android:launchMode
		ADDED from src/main/AndroidManifest.xml:120:13-43
	android:exported
		ADDED from src/main/AndroidManifest.xml:119:13-37
	android:showOnLockScreen
		ADDED from src/main/AndroidManifest.xml:122:13-44
	android:name
		ADDED from src/main/AndroidManifest.xml:118:13-69
activity#com.example.senioroslauncher.ui.health.HealthActivity
ADDED from src/main/AndroidManifest.xml:126:9-129:52
	android:screenOrientation
		ADDED from src/main/AndroidManifest.xml:129:13-49
	android:exported
		ADDED from src/main/AndroidManifest.xml:128:13-37
	android:name
		ADDED from src/main/AndroidManifest.xml:127:13-53
activity#com.example.senioroslauncher.ui.health.MedicalProfileActivity
ADDED from src/main/AndroidManifest.xml:132:9-135:52
	android:screenOrientation
		ADDED from src/main/AndroidManifest.xml:135:13-49
	android:exported
		ADDED from src/main/AndroidManifest.xml:134:13-37
	android:name
		ADDED from src/main/AndroidManifest.xml:133:13-61
activity#com.example.senioroslauncher.ui.health.HealthCheckInActivity
ADDED from src/main/AndroidManifest.xml:138:9-141:52
	android:screenOrientation
		ADDED from src/main/AndroidManifest.xml:141:13-49
	android:exported
		ADDED from src/main/AndroidManifest.xml:140:13-37
	android:name
		ADDED from src/main/AndroidManifest.xml:139:13-60
activity#com.example.senioroslauncher.ui.contacts.ContactsActivity
ADDED from src/main/AndroidManifest.xml:144:9-147:52
	android:screenOrientation
		ADDED from src/main/AndroidManifest.xml:147:13-49
	android:exported
		ADDED from src/main/AndroidManifest.xml:146:13-37
	android:name
		ADDED from src/main/AndroidManifest.xml:145:13-57
activity#com.example.senioroslauncher.ui.contacts.SpeedDialActivity
ADDED from src/main/AndroidManifest.xml:150:9-153:52
	android:screenOrientation
		ADDED from src/main/AndroidManifest.xml:153:13-49
	android:exported
		ADDED from src/main/AndroidManifest.xml:152:13-37
	android:name
		ADDED from src/main/AndroidManifest.xml:151:13-58
activity#com.example.senioroslauncher.ui.messages.MessagesActivity
ADDED from src/main/AndroidManifest.xml:156:9-159:52
	android:screenOrientation
		ADDED from src/main/AndroidManifest.xml:159:13-49
	android:exported
		ADDED from src/main/AndroidManifest.xml:158:13-37
	android:name
		ADDED from src/main/AndroidManifest.xml:157:13-57
activity#com.example.senioroslauncher.ui.notes.NotesActivity
ADDED from src/main/AndroidManifest.xml:162:9-165:52
	android:screenOrientation
		ADDED from src/main/AndroidManifest.xml:165:13-49
	android:exported
		ADDED from src/main/AndroidManifest.xml:164:13-37
	android:name
		ADDED from src/main/AndroidManifest.xml:163:13-51
activity#com.example.senioroslauncher.ui.calendar.CalendarActivity
ADDED from src/main/AndroidManifest.xml:168:9-171:52
	android:screenOrientation
		ADDED from src/main/AndroidManifest.xml:171:13-49
	android:exported
		ADDED from src/main/AndroidManifest.xml:170:13-37
	android:name
		ADDED from src/main/AndroidManifest.xml:169:13-57
activity#com.example.senioroslauncher.ui.apps.AllAppsActivity
ADDED from src/main/AndroidManifest.xml:174:9-177:52
	android:screenOrientation
		ADDED from src/main/AndroidManifest.xml:177:13-49
	android:exported
		ADDED from src/main/AndroidManifest.xml:176:13-37
	android:name
		ADDED from src/main/AndroidManifest.xml:175:13-52
activity#com.example.senioroslauncher.ui.video.VideoContactsActivity
ADDED from src/main/AndroidManifest.xml:180:9-183:52
	android:screenOrientation
		ADDED from src/main/AndroidManifest.xml:183:13-49
	android:exported
		ADDED from src/main/AndroidManifest.xml:182:13-37
	android:name
		ADDED from src/main/AndroidManifest.xml:181:13-59
activity#com.example.senioroslauncher.ui.ride.RideBookingActivity
ADDED from src/main/AndroidManifest.xml:186:9-189:52
	android:screenOrientation
		ADDED from src/main/AndroidManifest.xml:189:13-49
	android:exported
		ADDED from src/main/AndroidManifest.xml:188:13-37
	android:name
		ADDED from src/main/AndroidManifest.xml:187:13-56
activity#com.example.senioroslauncher.ui.settings.SettingsActivity
ADDED from src/main/AndroidManifest.xml:192:9-195:52
	android:screenOrientation
		ADDED from src/main/AndroidManifest.xml:195:13-49
	android:exported
		ADDED from src/main/AndroidManifest.xml:194:13-37
	android:name
		ADDED from src/main/AndroidManifest.xml:193:13-57
activity#com.example.senioroslauncher.ui.help.HelpActivity
ADDED from src/main/AndroidManifest.xml:198:9-201:52
	android:screenOrientation
		ADDED from src/main/AndroidManifest.xml:201:13-49
	android:exported
		ADDED from src/main/AndroidManifest.xml:200:13-37
	android:name
		ADDED from src/main/AndroidManifest.xml:199:13-49
activity#com.example.senioroslauncher.ui.guardian.PairingActivity
ADDED from src/main/AndroidManifest.xml:204:9-207:52
	android:screenOrientation
		ADDED from src/main/AndroidManifest.xml:207:13-49
	android:exported
		ADDED from src/main/AndroidManifest.xml:206:13-37
	android:name
		ADDED from src/main/AndroidManifest.xml:205:13-56
service#com.example.senioroslauncher.services.FallDetectionService
ADDED from src/main/AndroidManifest.xml:210:9-213:54
	android:exported
		ADDED from src/main/AndroidManifest.xml:212:13-37
	android:foregroundServiceType
		ADDED from src/main/AndroidManifest.xml:213:13-51
	android:name
		ADDED from src/main/AndroidManifest.xml:211:13-58
service#com.example.senioroslauncher.services.MedicationReminderService
ADDED from src/main/AndroidManifest.xml:215:9-217:40
	android:exported
		ADDED from src/main/AndroidManifest.xml:217:13-37
	android:name
		ADDED from src/main/AndroidManifest.xml:216:13-63
service#com.example.senioroslauncher.services.LocationSharingService
ADDED from src/main/AndroidManifest.xml:219:9-222:56
	android:exported
		ADDED from src/main/AndroidManifest.xml:221:13-37
	android:foregroundServiceType
		ADDED from src/main/AndroidManifest.xml:222:13-53
	android:name
		ADDED from src/main/AndroidManifest.xml:220:13-60
service#com.example.senioroslauncher.services.CallAutoAnswerService
ADDED from src/main/AndroidManifest.xml:224:9-234:19
	android:exported
		ADDED from src/main/AndroidManifest.xml:226:13-36
	android:permission
		ADDED from src/main/AndroidManifest.xml:227:13-72
	android:name
		ADDED from src/main/AndroidManifest.xml:225:13-59
meta-data#android.telecom.IN_CALL_SERVICE_UI
ADDED from src/main/AndroidManifest.xml:228:13-230:41
	android:value
		ADDED from src/main/AndroidManifest.xml:230:17-38
	android:name
		ADDED from src/main/AndroidManifest.xml:229:17-66
intent-filter#action:name:android.telecom.InCallService
ADDED from src/main/AndroidManifest.xml:231:13-233:29
action#android.telecom.InCallService
ADDED from src/main/AndroidManifest.xml:232:17-72
	android:name
		ADDED from src/main/AndroidManifest.xml:232:25-69
service#com.example.senioroslauncher.services.GuardianMonitoringService
ADDED from src/main/AndroidManifest.xml:237:9-240:56
	android:exported
		ADDED from src/main/AndroidManifest.xml:239:13-37
	android:foregroundServiceType
		ADDED from src/main/AndroidManifest.xml:240:13-53
	android:name
		ADDED from src/main/AndroidManifest.xml:238:13-63
receiver#com.example.senioroslauncher.receivers.BootReceiver